0 info it worked if it ends with ok
1 verbose cli [ 'C:\\Program Files\\nodejs\\node.exe',
1 verbose cli   'C:\\Program Files\\nodejs\\node_modules\\npm\\bin\\npm-cli.js',
1 verbose cli   'install' ]
2 info using npm@2.15.9
3 info using node@v4.6.0
4 verbose readDependencies loading dependencies from C:\Users\Emad Ahmed\Desktop\hack\smssos\package.json
5 warn package.json dashboard@1.0.0 No repository field.
6 verbose install where, deps [ 'C:\\Users\\Emad Ahmed\\Desktop\\hack\\smssos',
6 verbose install   [ 'body-parser', 'ejs', 'express', 'mongodb', 'ngrok', 'twilio' ] ]
7 verbose install where, peers [ 'C:\\Users\\Emad Ahmed\\Desktop\\hack\\smssos', [] ]
8 verbose installManyTop reading for lifecycle C:\Users\Emad Ahmed\Desktop\hack\smssos\package.json
9 info preinstall dashboard@1.0.0
10 verbose installManyTop reading scoped package data from C:\Users\Emad Ahmed\Desktop\hack\smssos\node_modules\abbrev\package.json
11 verbose installManyTop reading scoped package data from C:\Users\Emad Ahmed\Desktop\hack\smssos\node_modules\accepts\package.json
12 verbose installManyTop reading scoped package data from C:\Users\Emad Ahmed\Desktop\hack\smssos\node_modules\ansi-regex\package.json
13 verbose installManyTop reading scoped package data from C:\Users\Emad Ahmed\Desktop\hack\smssos\node_modules\ansi-styles\package.json
14 verbose installManyTop reading scoped package data from C:\Users\Emad Ahmed\Desktop\hack\smssos\node_modules\array-flatten\package.json
15 verbose installManyTop reading scoped package data from C:\Users\Emad Ahmed\Desktop\hack\smssos\node_modules\asn1\package.json
16 verbose installManyTop reading scoped package data from C:\Users\Emad Ahmed\Desktop\hack\smssos\node_modules\assert-plus\package.json
17 verbose installManyTop reading scoped package data from C:\Users\Emad Ahmed\Desktop\hack\smssos\node_modules\async\package.json
18 verbose installManyTop reading scoped package data from C:\Users\Emad Ahmed\Desktop\hack\smssos\node_modules\aws-sign2\package.json
19 verbose installManyTop reading scoped package data from C:\Users\Emad Ahmed\Desktop\hack\smssos\node_modules\aws4\package.json
20 verbose installManyTop reading scoped package data from C:\Users\Emad Ahmed\Desktop\hack\smssos\node_modules\base64-url\package.json
21 verbose installManyTop reading scoped package data from C:\Users\Emad Ahmed\Desktop\hack\smssos\node_modules\base64url\package.json
22 verbose installManyTop reading scoped package data from C:\Users\Emad Ahmed\Desktop\hack\smssos\node_modules\bcrypt-pbkdf\package.json
23 verbose installManyTop reading scoped package data from C:\Users\Emad Ahmed\Desktop\hack\smssos\node_modules\binary\package.json
24 verbose installManyTop reading scoped package data from C:\Users\Emad Ahmed\Desktop\hack\smssos\node_modules\bl\package.json
25 verbose installManyTop reading scoped package data from C:\Users\Emad Ahmed\Desktop\hack\smssos\node_modules\body-parser\package.json
26 verbose installManyTop reading scoped package data from C:\Users\Emad Ahmed\Desktop\hack\smssos\node_modules\boom\package.json
27 verbose installManyTop reading scoped package data from C:\Users\Emad Ahmed\Desktop\hack\smssos\node_modules\buffer-equal-constant-time\package.json
28 verbose installManyTop reading scoped package data from C:\Users\Emad Ahmed\Desktop\hack\smssos\node_modules\buffers\package.json
29 verbose installManyTop reading scoped package data from C:\Users\Emad Ahmed\Desktop\hack\smssos\node_modules\camelcase\package.json
30 verbose installManyTop reading scoped package data from C:\Users\Emad Ahmed\Desktop\hack\smssos\node_modules\camelcase-keys\package.json
31 verbose installManyTop reading scoped package data from C:\Users\Emad Ahmed\Desktop\hack\smssos\node_modules\caseless\package.json
32 verbose installManyTop reading scoped package data from C:\Users\Emad Ahmed\Desktop\hack\smssos\node_modules\chainsaw\package.json
33 verbose installManyTop reading scoped package data from C:\Users\Emad Ahmed\Desktop\hack\smssos\node_modules\chalk\package.json
34 verbose installManyTop reading scoped package data from C:\Users\Emad Ahmed\Desktop\hack\smssos\node_modules\combined-stream\package.json
35 verbose installManyTop reading scoped package data from C:\Users\Emad Ahmed\Desktop\hack\smssos\node_modules\commander\package.json
36 verbose installManyTop reading scoped package data from C:\Users\Emad Ahmed\Desktop\hack\smssos\node_modules\concat-stream\package.json
37 verbose installManyTop reading scoped package data from C:\Users\Emad Ahmed\Desktop\hack\smssos\node_modules\content-disposition\package.json
38 verbose installManyTop reading scoped package data from C:\Users\Emad Ahmed\Desktop\hack\smssos\node_modules\content-type\package.json
39 verbose installManyTop reading scoped package data from C:\Users\Emad Ahmed\Desktop\hack\smssos\node_modules\cookie\package.json
40 verbose installManyTop reading scoped package data from C:\Users\Emad Ahmed\Desktop\hack\smssos\node_modules\cookie-signature\package.json
41 verbose installManyTop reading scoped package data from C:\Users\Emad Ahmed\Desktop\hack\smssos\node_modules\core-util-is\package.json
42 verbose installManyTop reading scoped package data from C:\Users\Emad Ahmed\Desktop\hack\smssos\node_modules\cryptiles\package.json
43 verbose installManyTop reading scoped package data from C:\Users\Emad Ahmed\Desktop\hack\smssos\node_modules\dashdash\package.json
44 verbose installManyTop reading scoped package data from C:\Users\Emad Ahmed\Desktop\hack\smssos\node_modules\debug\package.json
45 verbose installManyTop reading scoped package data from C:\Users\Emad Ahmed\Desktop\hack\smssos\node_modules\decompress-zip\package.json
46 verbose installManyTop reading scoped package data from C:\Users\Emad Ahmed\Desktop\hack\smssos\node_modules\delayed-stream\package.json
47 verbose installManyTop reading scoped package data from C:\Users\Emad Ahmed\Desktop\hack\smssos\node_modules\depd\package.json
48 verbose installManyTop reading scoped package data from C:\Users\Emad Ahmed\Desktop\hack\smssos\node_modules\deprecate\package.json
49 verbose installManyTop reading scoped package data from C:\Users\Emad Ahmed\Desktop\hack\smssos\node_modules\destroy\package.json
50 verbose installManyTop reading scoped package data from C:\Users\Emad Ahmed\Desktop\hack\smssos\node_modules\ecc-jsbn\package.json
51 verbose installManyTop reading scoped package data from C:\Users\Emad Ahmed\Desktop\hack\smssos\node_modules\ecdsa-sig-formatter\package.json
52 verbose installManyTop reading scoped package data from C:\Users\Emad Ahmed\Desktop\hack\smssos\node_modules\ee-first\package.json
53 verbose installManyTop reading scoped package data from C:\Users\Emad Ahmed\Desktop\hack\smssos\node_modules\ejs\package.json
54 verbose installManyTop reading scoped package data from C:\Users\Emad Ahmed\Desktop\hack\smssos\node_modules\encodeurl\package.json
55 verbose installManyTop reading scoped package data from C:\Users\Emad Ahmed\Desktop\hack\smssos\node_modules\escape-html\package.json
56 verbose installManyTop reading scoped package data from C:\Users\Emad Ahmed\Desktop\hack\smssos\node_modules\escape-string-regexp\package.json
57 verbose installManyTop reading scoped package data from C:\Users\Emad Ahmed\Desktop\hack\smssos\node_modules\etag\package.json
58 verbose installManyTop reading scoped package data from C:\Users\Emad Ahmed\Desktop\hack\smssos\node_modules\express\package.json
59 verbose installManyTop reading scoped package data from C:\Users\Emad Ahmed\Desktop\hack\smssos\node_modules\extend\package.json
60 verbose installManyTop reading scoped package data from C:\Users\Emad Ahmed\Desktop\hack\smssos\node_modules\extsprintf\package.json
61 verbose installManyTop reading scoped package data from C:\Users\Emad Ahmed\Desktop\hack\smssos\node_modules\finalhandler\package.json
62 verbose installManyTop reading scoped package data from C:\Users\Emad Ahmed\Desktop\hack\smssos\node_modules\forever-agent\package.json
63 verbose installManyTop reading scoped package data from C:\Users\Emad Ahmed\Desktop\hack\smssos\node_modules\form-data\package.json
64 verbose installManyTop reading scoped package data from C:\Users\Emad Ahmed\Desktop\hack\smssos\node_modules\forwarded\package.json
65 verbose installManyTop reading scoped package data from C:\Users\Emad Ahmed\Desktop\hack\smssos\node_modules\fresh\package.json
66 verbose installManyTop reading scoped package data from C:\Users\Emad Ahmed\Desktop\hack\smssos\node_modules\fs\package.json
67 verbose installManyTop reading scoped package data from C:\Users\Emad Ahmed\Desktop\hack\smssos\node_modules\generate-function\package.json
68 verbose installManyTop reading scoped package data from C:\Users\Emad Ahmed\Desktop\hack\smssos\node_modules\generate-object-property\package.json
69 verbose installManyTop reading scoped package data from C:\Users\Emad Ahmed\Desktop\hack\smssos\node_modules\get-stdin\package.json
70 verbose installManyTop reading scoped package data from C:\Users\Emad Ahmed\Desktop\hack\smssos\node_modules\getpass\package.json
71 verbose installManyTop reading scoped package data from C:\Users\Emad Ahmed\Desktop\hack\smssos\node_modules\graceful-fs\package.json
72 verbose installManyTop reading scoped package data from C:\Users\Emad Ahmed\Desktop\hack\smssos\node_modules\graceful-readlink\package.json
73 verbose installManyTop reading scoped package data from C:\Users\Emad Ahmed\Desktop\hack\smssos\node_modules\hapi\package.json
74 verbose installManyTop reading scoped package data from C:\Users\Emad Ahmed\Desktop\hack\smssos\node_modules\har-validator\package.json
75 verbose installManyTop reading scoped package data from C:\Users\Emad Ahmed\Desktop\hack\smssos\node_modules\has-ansi\package.json
76 verbose installManyTop reading scoped package data from C:\Users\Emad Ahmed\Desktop\hack\smssos\node_modules\hawk\package.json
77 verbose installManyTop reading scoped package data from C:\Users\Emad Ahmed\Desktop\hack\smssos\node_modules\hoek\package.json
78 verbose installManyTop reading scoped package data from C:\Users\Emad Ahmed\Desktop\hack\smssos\node_modules\http\package.json
79 verbose installManyTop reading scoped package data from C:\Users\Emad Ahmed\Desktop\hack\smssos\node_modules\http-errors\package.json
80 verbose installManyTop reading scoped package data from C:\Users\Emad Ahmed\Desktop\hack\smssos\node_modules\http-signature\package.json
81 verbose installManyTop reading scoped package data from C:\Users\Emad Ahmed\Desktop\hack\smssos\node_modules\indent-string\package.json
82 verbose installManyTop reading scoped package data from C:\Users\Emad Ahmed\Desktop\hack\smssos\node_modules\inherits\package.json
83 verbose installManyTop reading scoped package data from C:\Users\Emad Ahmed\Desktop\hack\smssos\node_modules\ipaddr.js\package.json
84 verbose installManyTop reading scoped package data from C:\Users\Emad Ahmed\Desktop\hack\smssos\node_modules\is-finite\package.json
85 verbose installManyTop reading scoped package data from C:\Users\Emad Ahmed\Desktop\hack\smssos\node_modules\is-my-json-valid\package.json
86 verbose installManyTop reading scoped package data from C:\Users\Emad Ahmed\Desktop\hack\smssos\node_modules\is-property\package.json
87 verbose installManyTop reading scoped package data from C:\Users\Emad Ahmed\Desktop\hack\smssos\node_modules\is-typedarray\package.json
88 verbose installManyTop reading scoped package data from C:\Users\Emad Ahmed\Desktop\hack\smssos\node_modules\isarray\package.json
89 verbose installManyTop reading scoped package data from C:\Users\Emad Ahmed\Desktop\hack\smssos\node_modules\isstream\package.json
90 verbose installManyTop reading scoped package data from C:\Users\Emad Ahmed\Desktop\hack\smssos\node_modules\jodid25519\package.json
91 verbose installManyTop reading scoped package data from C:\Users\Emad Ahmed\Desktop\hack\smssos\node_modules\jsbn\package.json
92 verbose installManyTop reading scoped package data from C:\Users\Emad Ahmed\Desktop\hack\smssos\node_modules\json-schema\package.json
93 verbose installManyTop reading scoped package data from C:\Users\Emad Ahmed\Desktop\hack\smssos\node_modules\json-stringify-safe\package.json
94 verbose installManyTop reading scoped package data from C:\Users\Emad Ahmed\Desktop\hack\smssos\node_modules\jsonpointer\package.json
95 verbose installManyTop reading scoped package data from C:\Users\Emad Ahmed\Desktop\hack\smssos\node_modules\jsonwebtoken\package.json
96 verbose installManyTop reading scoped package data from C:\Users\Emad Ahmed\Desktop\hack\smssos\node_modules\jsprim\package.json
97 verbose installManyTop reading scoped package data from C:\Users\Emad Ahmed\Desktop\hack\smssos\node_modules\jwa\package.json
98 verbose installManyTop reading scoped package data from C:\Users\Emad Ahmed\Desktop\hack\smssos\node_modules\jws\package.json
99 verbose installManyTop reading scoped package data from C:\Users\Emad Ahmed\Desktop\hack\smssos\node_modules\jwt-simple\package.json
100 verbose installManyTop reading scoped package data from C:\Users\Emad Ahmed\Desktop\hack\smssos\node_modules\lock\package.json
101 verbose installManyTop reading scoped package data from C:\Users\Emad Ahmed\Desktop\hack\smssos\node_modules\lodash\package.json
102 verbose installManyTop reading scoped package data from C:\Users\Emad Ahmed\Desktop\hack\smssos\node_modules\map-obj\package.json
103 verbose installManyTop reading scoped package data from C:\Users\Emad Ahmed\Desktop\hack\smssos\node_modules\media-typer\package.json
104 verbose installManyTop reading scoped package data from C:\Users\Emad Ahmed\Desktop\hack\smssos\node_modules\meow\package.json
105 verbose installManyTop reading scoped package data from C:\Users\Emad Ahmed\Desktop\hack\smssos\node_modules\merge-descriptors\package.json
106 verbose installManyTop reading scoped package data from C:\Users\Emad Ahmed\Desktop\hack\smssos\node_modules\methods\package.json
107 verbose installManyTop reading scoped package data from C:\Users\Emad Ahmed\Desktop\hack\smssos\node_modules\mime\package.json
108 verbose installManyTop reading scoped package data from C:\Users\Emad Ahmed\Desktop\hack\smssos\node_modules\mime-db\package.json
109 verbose installManyTop reading scoped package data from C:\Users\Emad Ahmed\Desktop\hack\smssos\node_modules\mime-types\package.json
110 verbose installManyTop reading scoped package data from C:\Users\Emad Ahmed\Desktop\hack\smssos\node_modules\minimist\package.json
111 verbose installManyTop reading scoped package data from C:\Users\Emad Ahmed\Desktop\hack\smssos\node_modules\mkpath\package.json
112 verbose installManyTop reading scoped package data from C:\Users\Emad Ahmed\Desktop\hack\smssos\node_modules\mongodb\package.json
113 verbose installManyTop reading scoped package data from C:\Users\Emad Ahmed\Desktop\hack\smssos\node_modules\ms\package.json
114 verbose installManyTop reading scoped package data from C:\Users\Emad Ahmed\Desktop\hack\smssos\node_modules\negotiator\package.json
115 verbose installManyTop reading scoped package data from C:\Users\Emad Ahmed\Desktop\hack\smssos\node_modules\ngrok\package.json
116 verbose installManyTop reading scoped package data from C:\Users\Emad Ahmed\Desktop\hack\smssos\node_modules\node-uuid\package.json
117 verbose installManyTop reading scoped package data from C:\Users\Emad Ahmed\Desktop\hack\smssos\node_modules\nopt\package.json
118 verbose installManyTop reading scoped package data from C:\Users\Emad Ahmed\Desktop\hack\smssos\node_modules\number-is-nan\package.json
119 verbose installManyTop reading scoped package data from C:\Users\Emad Ahmed\Desktop\hack\smssos\node_modules\oauth-sign\package.json
120 verbose installManyTop reading scoped package data from C:\Users\Emad Ahmed\Desktop\hack\smssos\node_modules\object-assign\package.json
121 verbose installManyTop reading scoped package data from C:\Users\Emad Ahmed\Desktop\hack\smssos\node_modules\on-finished\package.json
122 verbose installManyTop reading scoped package data from C:\Users\Emad Ahmed\Desktop\hack\smssos\node_modules\parseurl\package.json
123 verbose installManyTop reading scoped package data from C:\Users\Emad Ahmed\Desktop\hack\smssos\node_modules\path-to-regexp\package.json
124 verbose installManyTop reading scoped package data from C:\Users\Emad Ahmed\Desktop\hack\smssos\node_modules\pinkie\package.json
125 verbose installManyTop reading scoped package data from C:\Users\Emad Ahmed\Desktop\hack\smssos\node_modules\pinkie-promise\package.json
126 verbose installManyTop reading scoped package data from C:\Users\Emad Ahmed\Desktop\hack\smssos\node_modules\process-nextick-args\package.json
127 verbose installManyTop reading scoped package data from C:\Users\Emad Ahmed\Desktop\hack\smssos\node_modules\proxy-addr\package.json
128 verbose installManyTop reading scoped package data from C:\Users\Emad Ahmed\Desktop\hack\smssos\node_modules\q\package.json
129 verbose installManyTop reading scoped package data from C:\Users\Emad Ahmed\Desktop\hack\smssos\node_modules\qs\package.json
130 verbose installManyTop reading scoped package data from C:\Users\Emad Ahmed\Desktop\hack\smssos\node_modules\range-parser\package.json
131 verbose installManyTop reading scoped package data from C:\Users\Emad Ahmed\Desktop\hack\smssos\node_modules\readable-stream\package.json
132 verbose installManyTop reading scoped package data from C:\Users\Emad Ahmed\Desktop\hack\smssos\node_modules\repeating\package.json
133 verbose installManyTop reading scoped package data from C:\Users\Emad Ahmed\Desktop\hack\smssos\node_modules\request\package.json
134 verbose installManyTop reading scoped package data from C:\Users\Emad Ahmed\Desktop\hack\smssos\node_modules\scmp\package.json
135 verbose installManyTop reading scoped package data from C:\Users\Emad Ahmed\Desktop\hack\smssos\node_modules\send\package.json
136 verbose installManyTop reading scoped package data from C:\Users\Emad Ahmed\Desktop\hack\smssos\node_modules\serve-static\package.json
137 verbose installManyTop reading scoped package data from C:\Users\Emad Ahmed\Desktop\hack\smssos\node_modules\setprototypeof\package.json
138 verbose installManyTop reading scoped package data from C:\Users\Emad Ahmed\Desktop\hack\smssos\node_modules\sntp\package.json
139 verbose installManyTop reading scoped package data from C:\Users\Emad Ahmed\Desktop\hack\smssos\node_modules\sshpk\package.json
140 verbose installManyTop reading scoped package data from C:\Users\Emad Ahmed\Desktop\hack\smssos\node_modules\statuses\package.json
141 verbose installManyTop reading scoped package data from C:\Users\Emad Ahmed\Desktop\hack\smssos\node_modules\string.prototype.startswith\package.json
142 verbose installManyTop reading scoped package data from C:\Users\Emad Ahmed\Desktop\hack\smssos\node_modules\string_decoder\package.json
143 verbose installManyTop reading scoped package data from C:\Users\Emad Ahmed\Desktop\hack\smssos\node_modules\stringstream\package.json
144 verbose installManyTop reading scoped package data from C:\Users\Emad Ahmed\Desktop\hack\smssos\node_modules\strip-ansi\package.json
145 verbose installManyTop reading scoped package data from C:\Users\Emad Ahmed\Desktop\hack\smssos\node_modules\supports-color\package.json
146 verbose installManyTop reading scoped package data from C:\Users\Emad Ahmed\Desktop\hack\smssos\node_modules\touch\package.json
147 verbose installManyTop reading scoped package data from C:\Users\Emad Ahmed\Desktop\hack\smssos\node_modules\tough-cookie\package.json
148 verbose installManyTop reading scoped package data from C:\Users\Emad Ahmed\Desktop\hack\smssos\node_modules\traverse\package.json
149 verbose installManyTop reading scoped package data from C:\Users\Emad Ahmed\Desktop\hack\smssos\node_modules\tunnel-agent\package.json
150 verbose installManyTop reading scoped package data from C:\Users\Emad Ahmed\Desktop\hack\smssos\node_modules\tweetnacl\package.json
151 verbose installManyTop reading scoped package data from C:\Users\Emad Ahmed\Desktop\hack\smssos\node_modules\twilio\package.json
152 verbose installManyTop reading scoped package data from C:\Users\Emad Ahmed\Desktop\hack\smssos\node_modules\type-is\package.json
153 verbose installManyTop reading scoped package data from C:\Users\Emad Ahmed\Desktop\hack\smssos\node_modules\typedarray\package.json
154 verbose installManyTop reading scoped package data from C:\Users\Emad Ahmed\Desktop\hack\smssos\node_modules\underscore\package.json
155 verbose installManyTop reading scoped package data from C:\Users\Emad Ahmed\Desktop\hack\smssos\node_modules\unpipe\package.json
156 verbose installManyTop reading scoped package data from C:\Users\Emad Ahmed\Desktop\hack\smssos\node_modules\util-deprecate\package.json
157 verbose installManyTop reading scoped package data from C:\Users\Emad Ahmed\Desktop\hack\smssos\node_modules\utils-merge\package.json
158 verbose installManyTop reading scoped package data from C:\Users\Emad Ahmed\Desktop\hack\smssos\node_modules\vary\package.json
159 verbose installManyTop reading scoped package data from C:\Users\Emad Ahmed\Desktop\hack\smssos\node_modules\verror\package.json
160 verbose installManyTop reading scoped package data from C:\Users\Emad Ahmed\Desktop\hack\smssos\node_modules\xtend\package.json
161 info package.json bcrypt-pbkdf@1.0.0 No repository field.
162 info package.json buffers@0.1.1 No license field.
163 info package.json chainsaw@0.1.0 license should be a valid SPDX license expression
164 info package.json extsprintf@1.0.2 No license field.
165 info package.json fs@0.0.1-security fs is also the name of a node core module.
166 info package.json http@0.0.0 http is also the name of a node core module.
167 info package.json http@0.0.0 No description
168 info package.json http@0.0.0 No repository field.
169 info package.json jsbn@0.1.0 license should be a valid SPDX license expression
170 info package.json json-schema@0.2.3 No license field.
171 info package.json jwt-simple@0.1.0 No license field.
172 info package.json mime@1.3.4 No license field.
173 info package.json mongodb@2.2.10 No README data
174 info package.json ms@0.7.1 No license field.
175 info package.json node-uuid@1.4.7 No license field.
176 info package.json q@0.9.7 license should be a valid SPDX license expression
177 info package.json scmp@0.0.3 license should be a valid SPDX license expression
178 info package.json sntp@1.0.9 No license field.
179 info package.json string.prototype.startswith@0.2.0 No license field.
180 info package.json string_decoder@0.10.31 string_decoder is also the name of a node core module.
181 info package.json traverse@0.3.9 license should be a valid SPDX license expression
182 info package.json utils-merge@1.0.0 No license field.
183 info package.json verror@1.3.6 No license field.
184 verbose readDependencies loading dependencies from C:\Users\Emad Ahmed\Desktop\hack\smssos\package.json
185 verbose targetResolver reading package data from C:\Users\Emad Ahmed\Desktop\hack\smssos\node_modules\abbrev\package.json
186 verbose targetResolver reading package data from C:\Users\Emad Ahmed\Desktop\hack\smssos\node_modules\accepts\package.json
187 verbose targetResolver reading package data from C:\Users\Emad Ahmed\Desktop\hack\smssos\node_modules\ansi-regex\package.json
188 verbose targetResolver reading package data from C:\Users\Emad Ahmed\Desktop\hack\smssos\node_modules\ansi-styles\package.json
189 verbose targetResolver reading package data from C:\Users\Emad Ahmed\Desktop\hack\smssos\node_modules\array-flatten\package.json
190 verbose targetResolver reading package data from C:\Users\Emad Ahmed\Desktop\hack\smssos\node_modules\asn1\package.json
191 verbose targetResolver reading package data from C:\Users\Emad Ahmed\Desktop\hack\smssos\node_modules\assert-plus\package.json
192 verbose targetResolver reading package data from C:\Users\Emad Ahmed\Desktop\hack\smssos\node_modules\async\package.json
193 verbose targetResolver reading package data from C:\Users\Emad Ahmed\Desktop\hack\smssos\node_modules\aws-sign2\package.json
194 verbose targetResolver reading package data from C:\Users\Emad Ahmed\Desktop\hack\smssos\node_modules\aws4\package.json
195 verbose targetResolver reading package data from C:\Users\Emad Ahmed\Desktop\hack\smssos\node_modules\base64-url\package.json
196 verbose targetResolver reading package data from C:\Users\Emad Ahmed\Desktop\hack\smssos\node_modules\base64url\package.json
197 verbose targetResolver reading package data from C:\Users\Emad Ahmed\Desktop\hack\smssos\node_modules\bcrypt-pbkdf\package.json
198 verbose targetResolver reading package data from C:\Users\Emad Ahmed\Desktop\hack\smssos\node_modules\binary\package.json
199 verbose targetResolver reading package data from C:\Users\Emad Ahmed\Desktop\hack\smssos\node_modules\bl\package.json
200 verbose targetResolver reading package data from C:\Users\Emad Ahmed\Desktop\hack\smssos\node_modules\body-parser\package.json
201 verbose targetResolver reading package data from C:\Users\Emad Ahmed\Desktop\hack\smssos\node_modules\boom\package.json
202 verbose targetResolver reading package data from C:\Users\Emad Ahmed\Desktop\hack\smssos\node_modules\buffer-equal-constant-time\package.json
203 verbose targetResolver reading package data from C:\Users\Emad Ahmed\Desktop\hack\smssos\node_modules\buffers\package.json
204 verbose targetResolver reading package data from C:\Users\Emad Ahmed\Desktop\hack\smssos\node_modules\camelcase\package.json
205 verbose targetResolver reading package data from C:\Users\Emad Ahmed\Desktop\hack\smssos\node_modules\camelcase-keys\package.json
206 verbose targetResolver reading package data from C:\Users\Emad Ahmed\Desktop\hack\smssos\node_modules\caseless\package.json
207 verbose targetResolver reading package data from C:\Users\Emad Ahmed\Desktop\hack\smssos\node_modules\chainsaw\package.json
208 verbose targetResolver reading package data from C:\Users\Emad Ahmed\Desktop\hack\smssos\node_modules\chalk\package.json
209 verbose targetResolver reading package data from C:\Users\Emad Ahmed\Desktop\hack\smssos\node_modules\combined-stream\package.json
210 verbose targetResolver reading package data from C:\Users\Emad Ahmed\Desktop\hack\smssos\node_modules\commander\package.json
211 verbose targetResolver reading package data from C:\Users\Emad Ahmed\Desktop\hack\smssos\node_modules\concat-stream\package.json
212 verbose targetResolver reading package data from C:\Users\Emad Ahmed\Desktop\hack\smssos\node_modules\content-disposition\package.json
213 verbose targetResolver reading package data from C:\Users\Emad Ahmed\Desktop\hack\smssos\node_modules\content-type\package.json
214 verbose targetResolver reading package data from C:\Users\Emad Ahmed\Desktop\hack\smssos\node_modules\cookie\package.json
215 verbose targetResolver reading package data from C:\Users\Emad Ahmed\Desktop\hack\smssos\node_modules\cookie-signature\package.json
216 verbose targetResolver reading package data from C:\Users\Emad Ahmed\Desktop\hack\smssos\node_modules\core-util-is\package.json
217 verbose targetResolver reading package data from C:\Users\Emad Ahmed\Desktop\hack\smssos\node_modules\cryptiles\package.json
218 verbose targetResolver reading package data from C:\Users\Emad Ahmed\Desktop\hack\smssos\node_modules\dashdash\package.json
219 verbose targetResolver reading package data from C:\Users\Emad Ahmed\Desktop\hack\smssos\node_modules\debug\package.json
220 verbose targetResolver reading package data from C:\Users\Emad Ahmed\Desktop\hack\smssos\node_modules\decompress-zip\package.json
221 verbose targetResolver reading package data from C:\Users\Emad Ahmed\Desktop\hack\smssos\node_modules\delayed-stream\package.json
222 verbose targetResolver reading package data from C:\Users\Emad Ahmed\Desktop\hack\smssos\node_modules\depd\package.json
223 verbose targetResolver reading package data from C:\Users\Emad Ahmed\Desktop\hack\smssos\node_modules\deprecate\package.json
224 verbose targetResolver reading package data from C:\Users\Emad Ahmed\Desktop\hack\smssos\node_modules\destroy\package.json
225 verbose targetResolver reading package data from C:\Users\Emad Ahmed\Desktop\hack\smssos\node_modules\ecc-jsbn\package.json
226 verbose targetResolver reading package data from C:\Users\Emad Ahmed\Desktop\hack\smssos\node_modules\ecdsa-sig-formatter\package.json
227 verbose targetResolver reading package data from C:\Users\Emad Ahmed\Desktop\hack\smssos\node_modules\ee-first\package.json
228 verbose targetResolver reading package data from C:\Users\Emad Ahmed\Desktop\hack\smssos\node_modules\ejs\package.json
229 verbose targetResolver reading package data from C:\Users\Emad Ahmed\Desktop\hack\smssos\node_modules\encodeurl\package.json
230 verbose targetResolver reading package data from C:\Users\Emad Ahmed\Desktop\hack\smssos\node_modules\escape-html\package.json
231 verbose targetResolver reading package data from C:\Users\Emad Ahmed\Desktop\hack\smssos\node_modules\escape-string-regexp\package.json
232 verbose targetResolver reading package data from C:\Users\Emad Ahmed\Desktop\hack\smssos\node_modules\etag\package.json
233 verbose targetResolver reading package data from C:\Users\Emad Ahmed\Desktop\hack\smssos\node_modules\express\package.json
234 verbose targetResolver reading package data from C:\Users\Emad Ahmed\Desktop\hack\smssos\node_modules\extend\package.json
235 verbose targetResolver reading package data from C:\Users\Emad Ahmed\Desktop\hack\smssos\node_modules\extsprintf\package.json
236 verbose targetResolver reading package data from C:\Users\Emad Ahmed\Desktop\hack\smssos\node_modules\finalhandler\package.json
237 verbose targetResolver reading package data from C:\Users\Emad Ahmed\Desktop\hack\smssos\node_modules\forever-agent\package.json
238 verbose targetResolver reading package data from C:\Users\Emad Ahmed\Desktop\hack\smssos\node_modules\form-data\package.json
239 verbose targetResolver reading package data from C:\Users\Emad Ahmed\Desktop\hack\smssos\node_modules\forwarded\package.json
240 verbose targetResolver reading package data from C:\Users\Emad Ahmed\Desktop\hack\smssos\node_modules\fresh\package.json
241 verbose targetResolver reading package data from C:\Users\Emad Ahmed\Desktop\hack\smssos\node_modules\fs\package.json
242 verbose targetResolver reading package data from C:\Users\Emad Ahmed\Desktop\hack\smssos\node_modules\generate-function\package.json
243 verbose targetResolver reading package data from C:\Users\Emad Ahmed\Desktop\hack\smssos\node_modules\generate-object-property\package.json
244 verbose targetResolver reading package data from C:\Users\Emad Ahmed\Desktop\hack\smssos\node_modules\get-stdin\package.json
245 verbose targetResolver reading package data from C:\Users\Emad Ahmed\Desktop\hack\smssos\node_modules\getpass\package.json
246 verbose targetResolver reading package data from C:\Users\Emad Ahmed\Desktop\hack\smssos\node_modules\graceful-fs\package.json
247 verbose targetResolver reading package data from C:\Users\Emad Ahmed\Desktop\hack\smssos\node_modules\graceful-readlink\package.json
248 verbose targetResolver reading package data from C:\Users\Emad Ahmed\Desktop\hack\smssos\node_modules\hapi\package.json
249 verbose targetResolver reading package data from C:\Users\Emad Ahmed\Desktop\hack\smssos\node_modules\har-validator\package.json
250 verbose targetResolver reading package data from C:\Users\Emad Ahmed\Desktop\hack\smssos\node_modules\has-ansi\package.json
251 verbose targetResolver reading package data from C:\Users\Emad Ahmed\Desktop\hack\smssos\node_modules\hawk\package.json
252 verbose targetResolver reading package data from C:\Users\Emad Ahmed\Desktop\hack\smssos\node_modules\hoek\package.json
253 verbose targetResolver reading package data from C:\Users\Emad Ahmed\Desktop\hack\smssos\node_modules\http\package.json
254 verbose targetResolver reading package data from C:\Users\Emad Ahmed\Desktop\hack\smssos\node_modules\http-errors\package.json
255 verbose targetResolver reading package data from C:\Users\Emad Ahmed\Desktop\hack\smssos\node_modules\http-signature\package.json
256 verbose targetResolver reading package data from C:\Users\Emad Ahmed\Desktop\hack\smssos\node_modules\indent-string\package.json
257 verbose targetResolver reading package data from C:\Users\Emad Ahmed\Desktop\hack\smssos\node_modules\inherits\package.json
258 verbose targetResolver reading package data from C:\Users\Emad Ahmed\Desktop\hack\smssos\node_modules\ipaddr.js\package.json
259 verbose targetResolver reading package data from C:\Users\Emad Ahmed\Desktop\hack\smssos\node_modules\is-finite\package.json
260 verbose targetResolver reading package data from C:\Users\Emad Ahmed\Desktop\hack\smssos\node_modules\is-my-json-valid\package.json
261 verbose targetResolver reading package data from C:\Users\Emad Ahmed\Desktop\hack\smssos\node_modules\is-property\package.json
262 verbose targetResolver reading package data from C:\Users\Emad Ahmed\Desktop\hack\smssos\node_modules\is-typedarray\package.json
263 verbose targetResolver reading package data from C:\Users\Emad Ahmed\Desktop\hack\smssos\node_modules\isarray\package.json
264 verbose targetResolver reading package data from C:\Users\Emad Ahmed\Desktop\hack\smssos\node_modules\isstream\package.json
265 verbose targetResolver reading package data from C:\Users\Emad Ahmed\Desktop\hack\smssos\node_modules\jodid25519\package.json
266 verbose targetResolver reading package data from C:\Users\Emad Ahmed\Desktop\hack\smssos\node_modules\jsbn\package.json
267 verbose targetResolver reading package data from C:\Users\Emad Ahmed\Desktop\hack\smssos\node_modules\json-schema\package.json
268 verbose targetResolver reading package data from C:\Users\Emad Ahmed\Desktop\hack\smssos\node_modules\json-stringify-safe\package.json
269 verbose targetResolver reading package data from C:\Users\Emad Ahmed\Desktop\hack\smssos\node_modules\jsonpointer\package.json
270 verbose targetResolver reading package data from C:\Users\Emad Ahmed\Desktop\hack\smssos\node_modules\jsonwebtoken\package.json
271 verbose targetResolver reading package data from C:\Users\Emad Ahmed\Desktop\hack\smssos\node_modules\jsprim\package.json
272 verbose targetResolver reading package data from C:\Users\Emad Ahmed\Desktop\hack\smssos\node_modules\jwa\package.json
273 verbose targetResolver reading package data from C:\Users\Emad Ahmed\Desktop\hack\smssos\node_modules\jws\package.json
274 verbose targetResolver reading package data from C:\Users\Emad Ahmed\Desktop\hack\smssos\node_modules\jwt-simple\package.json
275 verbose targetResolver reading package data from C:\Users\Emad Ahmed\Desktop\hack\smssos\node_modules\lock\package.json
276 verbose targetResolver reading package data from C:\Users\Emad Ahmed\Desktop\hack\smssos\node_modules\lodash\package.json
277 verbose targetResolver reading package data from C:\Users\Emad Ahmed\Desktop\hack\smssos\node_modules\map-obj\package.json
278 verbose targetResolver reading package data from C:\Users\Emad Ahmed\Desktop\hack\smssos\node_modules\media-typer\package.json
279 verbose targetResolver reading package data from C:\Users\Emad Ahmed\Desktop\hack\smssos\node_modules\meow\package.json
280 verbose targetResolver reading package data from C:\Users\Emad Ahmed\Desktop\hack\smssos\node_modules\merge-descriptors\package.json
281 verbose targetResolver reading package data from C:\Users\Emad Ahmed\Desktop\hack\smssos\node_modules\methods\package.json
282 verbose targetResolver reading package data from C:\Users\Emad Ahmed\Desktop\hack\smssos\node_modules\mime\package.json
283 verbose targetResolver reading package data from C:\Users\Emad Ahmed\Desktop\hack\smssos\node_modules\mime-db\package.json
284 verbose targetResolver reading package data from C:\Users\Emad Ahmed\Desktop\hack\smssos\node_modules\mime-types\package.json
285 verbose targetResolver reading package data from C:\Users\Emad Ahmed\Desktop\hack\smssos\node_modules\minimist\package.json
286 verbose targetResolver reading package data from C:\Users\Emad Ahmed\Desktop\hack\smssos\node_modules\mkpath\package.json
287 verbose targetResolver reading package data from C:\Users\Emad Ahmed\Desktop\hack\smssos\node_modules\mongodb\package.json
288 verbose targetResolver reading package data from C:\Users\Emad Ahmed\Desktop\hack\smssos\node_modules\ms\package.json
289 verbose targetResolver reading package data from C:\Users\Emad Ahmed\Desktop\hack\smssos\node_modules\negotiator\package.json
290 verbose targetResolver reading package data from C:\Users\Emad Ahmed\Desktop\hack\smssos\node_modules\ngrok\package.json
291 verbose targetResolver reading package data from C:\Users\Emad Ahmed\Desktop\hack\smssos\node_modules\node-uuid\package.json
292 verbose targetResolver reading package data from C:\Users\Emad Ahmed\Desktop\hack\smssos\node_modules\nopt\package.json
293 verbose targetResolver reading package data from C:\Users\Emad Ahmed\Desktop\hack\smssos\node_modules\number-is-nan\package.json
294 verbose targetResolver reading package data from C:\Users\Emad Ahmed\Desktop\hack\smssos\node_modules\oauth-sign\package.json
295 verbose targetResolver reading package data from C:\Users\Emad Ahmed\Desktop\hack\smssos\node_modules\object-assign\package.json
296 verbose targetResolver reading package data from C:\Users\Emad Ahmed\Desktop\hack\smssos\node_modules\on-finished\package.json
297 verbose targetResolver reading package data from C:\Users\Emad Ahmed\Desktop\hack\smssos\node_modules\parseurl\package.json
298 verbose targetResolver reading package data from C:\Users\Emad Ahmed\Desktop\hack\smssos\node_modules\path-to-regexp\package.json
299 verbose targetResolver reading package data from C:\Users\Emad Ahmed\Desktop\hack\smssos\node_modules\pinkie\package.json
300 verbose targetResolver reading package data from C:\Users\Emad Ahmed\Desktop\hack\smssos\node_modules\pinkie-promise\package.json
301 verbose targetResolver reading package data from C:\Users\Emad Ahmed\Desktop\hack\smssos\node_modules\process-nextick-args\package.json
302 verbose targetResolver reading package data from C:\Users\Emad Ahmed\Desktop\hack\smssos\node_modules\proxy-addr\package.json
303 verbose targetResolver reading package data from C:\Users\Emad Ahmed\Desktop\hack\smssos\node_modules\q\package.json
304 verbose targetResolver reading package data from C:\Users\Emad Ahmed\Desktop\hack\smssos\node_modules\qs\package.json
305 verbose targetResolver reading package data from C:\Users\Emad Ahmed\Desktop\hack\smssos\node_modules\range-parser\package.json
306 verbose targetResolver reading package data from C:\Users\Emad Ahmed\Desktop\hack\smssos\node_modules\readable-stream\package.json
307 verbose targetResolver reading package data from C:\Users\Emad Ahmed\Desktop\hack\smssos\node_modules\repeating\package.json
308 verbose targetResolver reading package data from C:\Users\Emad Ahmed\Desktop\hack\smssos\node_modules\request\package.json
309 verbose targetResolver reading package data from C:\Users\Emad Ahmed\Desktop\hack\smssos\node_modules\scmp\package.json
310 verbose targetResolver reading package data from C:\Users\Emad Ahmed\Desktop\hack\smssos\node_modules\send\package.json
311 verbose targetResolver reading package data from C:\Users\Emad Ahmed\Desktop\hack\smssos\node_modules\serve-static\package.json
312 verbose targetResolver reading package data from C:\Users\Emad Ahmed\Desktop\hack\smssos\node_modules\setprototypeof\package.json
313 verbose targetResolver reading package data from C:\Users\Emad Ahmed\Desktop\hack\smssos\node_modules\sntp\package.json
314 verbose targetResolver reading package data from C:\Users\Emad Ahmed\Desktop\hack\smssos\node_modules\sshpk\package.json
315 verbose targetResolver reading package data from C:\Users\Emad Ahmed\Desktop\hack\smssos\node_modules\statuses\package.json
316 verbose targetResolver reading package data from C:\Users\Emad Ahmed\Desktop\hack\smssos\node_modules\string.prototype.startswith\package.json
317 verbose targetResolver reading package data from C:\Users\Emad Ahmed\Desktop\hack\smssos\node_modules\string_decoder\package.json
318 verbose targetResolver reading package data from C:\Users\Emad Ahmed\Desktop\hack\smssos\node_modules\stringstream\package.json
319 verbose targetResolver reading package data from C:\Users\Emad Ahmed\Desktop\hack\smssos\node_modules\strip-ansi\package.json
320 verbose targetResolver reading package data from C:\Users\Emad Ahmed\Desktop\hack\smssos\node_modules\supports-color\package.json
321 verbose targetResolver reading package data from C:\Users\Emad Ahmed\Desktop\hack\smssos\node_modules\touch\package.json
322 verbose targetResolver reading package data from C:\Users\Emad Ahmed\Desktop\hack\smssos\node_modules\tough-cookie\package.json
323 verbose targetResolver reading package data from C:\Users\Emad Ahmed\Desktop\hack\smssos\node_modules\traverse\package.json
324 verbose targetResolver reading package data from C:\Users\Emad Ahmed\Desktop\hack\smssos\node_modules\tunnel-agent\package.json
325 verbose targetResolver reading package data from C:\Users\Emad Ahmed\Desktop\hack\smssos\node_modules\tweetnacl\package.json
326 verbose targetResolver reading package data from C:\Users\Emad Ahmed\Desktop\hack\smssos\node_modules\twilio\package.json
327 verbose targetResolver reading package data from C:\Users\Emad Ahmed\Desktop\hack\smssos\node_modules\type-is\package.json
328 verbose targetResolver reading package data from C:\Users\Emad Ahmed\Desktop\hack\smssos\node_modules\typedarray\package.json
329 verbose targetResolver reading package data from C:\Users\Emad Ahmed\Desktop\hack\smssos\node_modules\underscore\package.json
330 verbose targetResolver reading package data from C:\Users\Emad Ahmed\Desktop\hack\smssos\node_modules\unpipe\package.json
331 verbose targetResolver reading package data from C:\Users\Emad Ahmed\Desktop\hack\smssos\node_modules\util-deprecate\package.json
332 verbose targetResolver reading package data from C:\Users\Emad Ahmed\Desktop\hack\smssos\node_modules\utils-merge\package.json
333 verbose targetResolver reading package data from C:\Users\Emad Ahmed\Desktop\hack\smssos\node_modules\vary\package.json
334 verbose targetResolver reading package data from C:\Users\Emad Ahmed\Desktop\hack\smssos\node_modules\verror\package.json
335 verbose targetResolver reading package data from C:\Users\Emad Ahmed\Desktop\hack\smssos\node_modules\xtend\package.json
336 verbose targetResolver reading package data from C:\Users\Emad Ahmed\Desktop\hack\smssos\node_modules\.bin\base64url\package.json
337 verbose targetResolver reading package data from C:\Users\Emad Ahmed\Desktop\hack\smssos\node_modules\.bin\base64url.cmd\package.json
338 verbose targetResolver reading package data from C:\Users\Emad Ahmed\Desktop\hack\smssos\node_modules\.bin\decompress-zip\package.json
339 verbose targetResolver reading package data from C:\Users\Emad Ahmed\Desktop\hack\smssos\node_modules\.bin\decompress-zip.cmd\package.json
340 verbose targetResolver reading package data from C:\Users\Emad Ahmed\Desktop\hack\smssos\node_modules\.bin\har-validator\package.json
341 verbose targetResolver reading package data from C:\Users\Emad Ahmed\Desktop\hack\smssos\node_modules\.bin\har-validator.cmd\package.json
342 verbose targetResolver reading package data from C:\Users\Emad Ahmed\Desktop\hack\smssos\node_modules\.bin\indent-string\package.json
343 verbose targetResolver reading package data from C:\Users\Emad Ahmed\Desktop\hack\smssos\node_modules\.bin\indent-string.cmd\package.json
344 verbose targetResolver reading package data from C:\Users\Emad Ahmed\Desktop\hack\smssos\node_modules\.bin\mime\package.json
345 verbose targetResolver reading package data from C:\Users\Emad Ahmed\Desktop\hack\smssos\node_modules\.bin\mime.cmd\package.json
346 verbose targetResolver reading package data from C:\Users\Emad Ahmed\Desktop\hack\smssos\node_modules\.bin\ngrok\package.json
347 verbose targetResolver reading package data from C:\Users\Emad Ahmed\Desktop\hack\smssos\node_modules\.bin\ngrok.cmd\package.json
348 verbose targetResolver reading package data from C:\Users\Emad Ahmed\Desktop\hack\smssos\node_modules\.bin\nopt\package.json
349 verbose targetResolver reading package data from C:\Users\Emad Ahmed\Desktop\hack\smssos\node_modules\.bin\nopt.cmd\package.json
350 verbose targetResolver reading package data from C:\Users\Emad Ahmed\Desktop\hack\smssos\node_modules\.bin\repeating\package.json
351 verbose targetResolver reading package data from C:\Users\Emad Ahmed\Desktop\hack\smssos\node_modules\.bin\repeating.cmd\package.json
352 verbose targetResolver reading package data from C:\Users\Emad Ahmed\Desktop\hack\smssos\node_modules\.bin\sshpk-conv\package.json
353 verbose targetResolver reading package data from C:\Users\Emad Ahmed\Desktop\hack\smssos\node_modules\.bin\sshpk-conv.cmd\package.json
354 verbose targetResolver reading package data from C:\Users\Emad Ahmed\Desktop\hack\smssos\node_modules\.bin\sshpk-sign\package.json
355 verbose targetResolver reading package data from C:\Users\Emad Ahmed\Desktop\hack\smssos\node_modules\.bin\sshpk-sign.cmd\package.json
356 verbose targetResolver reading package data from C:\Users\Emad Ahmed\Desktop\hack\smssos\node_modules\.bin\sshpk-verify\package.json
357 verbose targetResolver reading package data from C:\Users\Emad Ahmed\Desktop\hack\smssos\node_modules\.bin\sshpk-verify.cmd\package.json
358 verbose targetResolver reading package data from C:\Users\Emad Ahmed\Desktop\hack\smssos\node_modules\.bin\uuid\package.json
359 verbose targetResolver reading package data from C:\Users\Emad Ahmed\Desktop\hack\smssos\node_modules\.bin\uuid.cmd\package.json
360 verbose targetResolver reading package data from C:\Users\Emad Ahmed\Desktop\hack\smssos\node_modules\.ngrok.DELETE\bin\package.json
361 verbose already installed skipping ejs@^2.5.2 C:\Users\Emad Ahmed\Desktop\hack\smssos
362 verbose already installed skipping express@^4.14.0 C:\Users\Emad Ahmed\Desktop\hack\smssos
363 silly cache add args [ 'mongodb@^3.2.10', null ]
364 verbose cache add spec mongodb@^3.2.10
365 silly cache add parsed spec Result {
365 silly cache add   raw: 'mongodb@^3.2.10',
365 silly cache add   scope: null,
365 silly cache add   name: 'mongodb',
365 silly cache add   rawSpec: '^3.2.10',
365 silly cache add   spec: '>=3.2.10 <4.0.0',
365 silly cache add   type: 'range' }
366 silly addNamed mongodb@>=3.2.10 <4.0.0
367 verbose addNamed ">=3.2.10 <4.0.0" is a valid semver range for mongodb
368 silly addNameRange { name: 'mongodb', range: '>=3.2.10 <4.0.0', hasData: false }
369 silly mapToRegistry name mongodb
370 silly mapToRegistry using default registry
371 silly mapToRegistry registry https://registry.npmjs.org/
372 silly mapToRegistry data Result {
372 silly mapToRegistry   raw: 'mongodb',
372 silly mapToRegistry   scope: null,
372 silly mapToRegistry   name: 'mongodb',
372 silly mapToRegistry   rawSpec: '',
372 silly mapToRegistry   spec: 'latest',
372 silly mapToRegistry   type: 'tag' }
373 silly mapToRegistry uri https://registry.npmjs.org/mongodb
374 verbose addNameRange registry:https://registry.npmjs.org/mongodb not in flight; fetching
375 verbose already installed skipping ngrok@^2.2.3 C:\Users\Emad Ahmed\Desktop\hack\smssos
376 verbose already installed skipping twilio@^2.11.0 C:\Users\Emad Ahmed\Desktop\hack\smssos
377 verbose already installed skipping body-parser@^1.15.2 C:\Users\Emad Ahmed\Desktop\hack\smssos
378 verbose request uri https://registry.npmjs.org/mongodb
379 verbose request no auth needed
380 info attempt registry request try #1 at 9:16:54 PM
381 verbose request id ec396491264f0453
382 verbose etag "7UGQW9P1PJEHKN9S435VQ13AF"
383 http request GET https://registry.npmjs.org/mongodb
384 http 304 https://registry.npmjs.org/mongodb
385 verbose headers { date: 'Sun, 16 Oct 2016 01:16:47 GMT',
385 verbose headers   via: '1.1 varnish',
385 verbose headers   'cache-control': 'max-age=300',
385 verbose headers   etag: '"7UGQW9P1PJEHKN9S435VQ13AF"',
385 verbose headers   age: '90',
385 verbose headers   connection: 'keep-alive',
385 verbose headers   'x-served-by': 'cache-iad2140-IAD',
385 verbose headers   'x-cache': 'HIT',
385 verbose headers   'x-cache-hits': '1',
385 verbose headers   'x-timer': 'S1476580607.188781,VS0,VE0',
385 verbose headers   vary: 'Accept-Encoding' }
386 silly get cb [ 304,
386 silly get   { date: 'Sun, 16 Oct 2016 01:16:47 GMT',
386 silly get     via: '1.1 varnish',
386 silly get     'cache-control': 'max-age=300',
386 silly get     etag: '"7UGQW9P1PJEHKN9S435VQ13AF"',
386 silly get     age: '90',
386 silly get     connection: 'keep-alive',
386 silly get     'x-served-by': 'cache-iad2140-IAD',
386 silly get     'x-cache': 'HIT',
386 silly get     'x-cache-hits': '1',
386 silly get     'x-timer': 'S1476580607.188781,VS0,VE0',
386 silly get     vary: 'Accept-Encoding' } ]
387 verbose etag https://registry.npmjs.org/mongodb from cache
388 verbose get saving mongodb to C:\Users\Emad Ahmed\AppData\Roaming\npm-cache\registry.npmjs.org\mongodb\.cache.json
389 verbose correctMkdir C:\Users\Emad Ahmed\AppData\Roaming\npm-cache correctMkdir not in flight; initializing
390 silly addNameRange number 2 { name: 'mongodb', range: '>=3.2.10 <4.0.0', hasData: true }
391 silly addNameRange versions [ 'mongodb',
391 silly addNameRange   [ '0.9.4',
391 silly addNameRange     '0.9.4-4',
391 silly addNameRange     '0.9.3',
391 silly addNameRange     '0.9.1',
391 silly addNameRange     '0.9.2',
391 silly addNameRange     '0.9.6-7',
391 silly addNameRange     '0.9.6-8',
391 silly addNameRange     '0.9.6-9',
391 silly addNameRange     '0.9.6-10',
391 silly addNameRange     '0.9.6-11',
391 silly addNameRange     '0.9.6-12',
391 silly addNameRange     '0.9.6-13',
391 silly addNameRange     '0.9.6-14',
391 silly addNameRange     '0.9.6-15',
391 silly addNameRange     '0.9.6-16',
391 silly addNameRange     '0.9.6-17',
391 silly addNameRange     '0.9.6-18',
391 silly addNameRange     '0.9.6-19',
391 silly addNameRange     '0.9.6-20',
391 silly addNameRange     '0.9.6-21',
391 silly addNameRange     '0.9.6-22',
391 silly addNameRange     '0.9.6-23',
391 silly addNameRange     '0.9.7',
391 silly addNameRange     '0.9.7-0',
391 silly addNameRange     '0.9.7-1',
391 silly addNameRange     '0.9.7-1.1',
391 silly addNameRange     '0.9.7-1.2',
391 silly addNameRange     '0.9.7-1.3',
391 silly addNameRange     '0.9.7-1.4',
391 silly addNameRange     '0.9.7-2',
391 silly addNameRange     '0.9.7-2-1',
391 silly addNameRange     '0.9.7-2-2',
391 silly addNameRange     '0.9.7-2-3',
391 silly addNameRange     '0.9.7-2-4',
391 silly addNameRange     '0.9.7-2-5',
391 silly addNameRange     '0.9.7-3',
391 silly addNameRange     '0.9.7-3-1',
391 silly addNameRange     '0.9.7-3-2',
391 silly addNameRange     '0.9.7-3-3',
391 silly addNameRange     '0.9.7-3-4',
391 silly addNameRange     '0.9.7-3-5',
391 silly addNameRange     '0.9.8',
391 silly addNameRange     '0.9.8-1',
391 silly addNameRange     '0.9.8-2',
391 silly addNameRange     '0.9.8-3',
391 silly addNameRange     '0.9.8-4',
391 silly addNameRange     '0.9.8-5',
391 silly addNameRange     '0.9.8-6',
391 silly addNameRange     '0.9.8-7',
391 silly addNameRange     '0.9.9',
391 silly addNameRange     '0.9.9-1',
391 silly addNameRange     '0.9.9-2',
391 silly addNameRange     '0.9.9-3',
391 silly addNameRange     '0.9.9-4',
391 silly addNameRange     '0.9.9-5',
391 silly addNameRange     '0.9.9-6',
391 silly addNameRange     '0.9.9-7',
391 silly addNameRange     '0.9.9-8',
391 silly addNameRange     '1.0.0',
391 silly addNameRange     '1.0.1',
391 silly addNameRange     '1.0.2',
391 silly addNameRange     '1.1.0-beta',
391 silly addNameRange     '1.1.0',
391 silly addNameRange     '1.1.1',
391 silly addNameRange     '1.1.2',
391 silly addNameRange     '1.1.3',
391 silly addNameRange     '1.1.4',
391 silly addNameRange     '1.1.5',
391 silly addNameRange     '1.1.6',
391 silly addNameRange     '1.1.7',
391 silly addNameRange     '1.1.8',
391 silly addNameRange     '1.1.9',
391 silly addNameRange     '1.1.10',
391 silly addNameRange     '1.1.11',
391 silly addNameRange     '1.2.0',
391 silly addNameRange     '1.2.1',
391 silly addNameRange     '1.2.2',
391 silly addNameRange     '1.2.3',
391 silly addNameRange     '1.2.4',
391 silly addNameRange     '1.2.5',
391 silly addNameRange     '1.2.6',
391 silly addNameRange     '1.2.7',
391 silly addNameRange     '1.2.8',
391 silly addNameRange     '1.2.9',
391 silly addNameRange     '1.2.10',
391 silly addNameRange     '1.2.11',
391 silly addNameRange     '1.2.12',
391 silly addNameRange     '1.2.13',
391 silly addNameRange     '1.2.14',
391 silly addNameRange     '1.3.0',
391 silly addNameRange     '1.3.1',
391 silly addNameRange     '1.3.2',
391 silly addNameRange     '1.3.3',
391 silly addNameRange     '1.3.4',
391 silly addNameRange     '1.3.5',
391 silly addNameRange     '1.3.6',
391 silly addNameRange     '1.3.7',
391 silly addNameRange     '1.3.8',
391 silly addNameRange     '1.3.9',
391 silly addNameRange     '1.3.10',
391 silly addNameRange     '1.3.11',
391 silly addNameRange     '1.3.12',
391 silly addNameRange     '1.3.14',
391 silly addNameRange     '1.3.15',
391 silly addNameRange     '1.3.17',
391 silly addNameRange     '1.3.18',
391 silly addNameRange     '1.3.19',
391 silly addNameRange     '1.4.0-rc2',
391 silly addNameRange     '1.3.20',
391 silly addNameRange     '1.4.0-rc3',
391 silly addNameRange     '1.3.21',
391 silly addNameRange     '1.3.22',
391 silly addNameRange     '1.3.23',
391 silly addNameRange     '1.4.0-rc4',
391 silly addNameRange     '1.4.0-rc5',
391 silly addNameRange     '1.4.0-rc6',
391 silly addNameRange     '1.4.0-rc7',
391 silly addNameRange     '1.4.0-rc8',
391 silly addNameRange     '1.4.0-rc9',
391 silly addNameRange     '1.4.0-rc10',
391 silly addNameRange     '1.4.0',
391 silly addNameRange     '1.4.1',
391 silly addNameRange     '1.4.2',
391 silly addNameRange     '1.4.3',
391 silly addNameRange     '1.4.4',
391 silly addNameRange     '1.4.5',
391 silly addNameRange     '1.4.6',
391 silly addNameRange     '1.4.7',
391 silly addNameRange     '1.4.8',
391 silly addNameRange     '1.4.9',
391 silly addNameRange     '1.4.10',
391 silly addNameRange     '2.0.0-alpha1',
391 silly addNameRange     '1.4.11',
391 silly addNameRange     '1.4.12',
391 silly addNameRange     '1.4.14',
391 silly addNameRange     '1.4.15',
391 silly addNameRange     '1.4.16',
391 silly addNameRange     '1.4.17',
391 silly addNameRange     '2.0.0-alpha2',
391 silly addNameRange     '1.4.18',
391 silly addNameRange     '2.0.0',
391 silly addNameRange     '2.0.1',
391 silly addNameRange     '2.0.2',
391 silly addNameRange     '1.4.19',
391 silly addNameRange     '2.0.3',
391 silly addNameRange     '2.0.4',
391 silly addNameRange     '2.0.5',
391 silly addNameRange     '2.0.6',
391 silly addNameRange     '1.4.20',
391 silly addNameRange     '1.4.22',
391 silly addNameRange     '2.0.7',
391 silly addNameRange     '2.0.8',
391 silly addNameRange     '2.0.9',
391 silly addNameRange     '1.4.23',
391 silly addNameRange     '2.0.10',
391 silly addNameRange     '1.4.24',
391 silly addNameRange     '2.0.11',
391 silly addNameRange     '1.4.25',
391 silly addNameRange     '2.0.12',
391 silly addNameRange     '1.4.26',
391 silly addNameRange     '1.4.27',
391 silly addNameRange     '1.4.28',
391 silly addNameRange     '2.0.13',
391 silly addNameRange     '2.0.14',
391 silly addNameRange     '1.4.29',
391 silly addNameRange     '2.0.15',
391 silly addNameRange     '1.4.30',
391 silly addNameRange     '2.0.16',
391 silly addNameRange     '1.4.31',
391 silly addNameRange     '2.0.17',
391 silly addNameRange     '1.4.32',
391 silly addNameRange     '2.0.18',
391 silly addNameRange     '2.0.19',
391 silly addNameRange     '1.4.33',
391 silly addNameRange     '2.0.20',
391 silly addNameRange     '2.0.21',
391 silly addNameRange     '1.4.34',
391 silly addNameRange     '2.0.22',
391 silly addNameRange     '2.0.23',
391 silly addNameRange     '1.4.35',
391 silly addNameRange     '2.0.24',
391 silly addNameRange     '2.0.25',
391 silly addNameRange     '2.0.26',
391 silly addNameRange     '2.0.27',
391 silly addNameRange     '2.0.28',
391 silly addNameRange     '2.0.29',
391 silly addNameRange     '1.4.36',
391 silly addNameRange     '2.0.30',
391 silly addNameRange     '1.4.37',
391 silly addNameRange     '2.0.31',
391 silly addNameRange     '1.4.38',
391 silly addNameRange     '2.0.32',
391 silly addNameRange     '2.0.33',
391 silly addNameRange     '2.1.0-alpha',
391 silly addNameRange     '2.0.34',
391 silly addNameRange     '2.0.35',
391 silly addNameRange     '2.0.36',
391 silly addNameRange     '2.0.37',
391 silly addNameRange     '2.0.38',
391 silly addNameRange     '2.0.39',
391 silly addNameRange     '1.4.39',
391 silly addNameRange     '2.0.40',
391 silly addNameRange     '2.0.41',
391 silly addNameRange     '2.0.42',
391 silly addNameRange     '2.0.43',
391 silly addNameRange     '2.0.44',
391 silly addNameRange     '2.0.45',
391 silly addNameRange     '2.0.46',
391 silly addNameRange     '2.0.47',
391 silly addNameRange     '2.0.48',
391 silly addNameRange     '2.1.0-rc1',
391 silly addNameRange     '2.0.49',
391 silly addNameRange     '2.0.50',
391 silly addNameRange     '2.1.0',
391 silly addNameRange     '2.0.51',
391 silly addNameRange     '2.1.1',
391 silly addNameRange     '2.0.52',
391 silly addNameRange     '2.0.53',
391 silly addNameRange     '2.1.2',
391 silly addNameRange     '2.1.3',
391 silly addNameRange     '2.0.54',
391 silly addNameRange     '2.0.55',
391 silly addNameRange     '1.4.40',
391 silly addNameRange     '2.1.4',
391 silly addNameRange     '2.1.5',
391 silly addNameRange     '2.1.6',
391 silly addNameRange     '2.1.7',
391 silly addNameRange     '2.1.8',
391 silly addNameRange     '2.1.9',
391 silly addNameRange     '2.1.10',
391 silly addNameRange     '2.1.11',
391 silly addNameRange     '2.1.12',
391 silly addNameRange     '2.1.13',
391 silly addNameRange     '2.1.14',
391 silly addNameRange     '2.1.15',
391 silly addNameRange     '2.1.16',
391 silly addNameRange     '2.1.17',
391 silly addNameRange     '2.1.18',
391 silly addNameRange     '2.1.19',
391 silly addNameRange     '2.1.20',
391 silly addNameRange     '2.1.21',
391 silly addNameRange     '2.1.22-alpha',
391 silly addNameRange     '2.1.22-alpha2',
391 silly addNameRange     '2.1.22-alpha3',
391 silly addNameRange     '2.1.22-alpha4',
391 silly addNameRange     '2.2.0-alpha1',
391 silly addNameRange     '2.2.0-alpha2',
391 silly addNameRange     '2.2.0',
391 silly addNameRange     '2.2.1',
391 silly addNameRange     '2.2.2',
391 silly addNameRange     '2.2.3',
391 silly addNameRange     '2.2.4',
391 silly addNameRange     '2.2.5',
391 silly addNameRange     '2.2.6',
391 silly addNameRange     '2.2.7',
391 silly addNameRange     '2.2.8',
391 silly addNameRange     '2.2.9',
391 silly addNameRange     '2.2.10' ] ]
392 verbose stack Error: No compatible version found: mongodb@'>=3.2.10 <4.0.0'
392 verbose stack Valid install targets:
392 verbose stack ["0.9.4","0.9.4-4","0.9.3","0.9.1","0.9.2","0.9.6-7","0.9.6-8","0.9.6-9","0.9.6-10","0.9.6-11","0.9.6-12","0.9.6-13","0.9.6-14","0.9.6-15","0.9.6-16","0.9.6-17","0.9.6-18","0.9.6-19","0.9.6-20","0.9.6-21","0.9.6-22","0.9.6-23","0.9.7","0.9.7-0","0.9.7-1","0.9.7-1.1","0.9.7-1.2","0.9.7-1.3","0.9.7-1.4","0.9.7-2","0.9.7-2-1","0.9.7-2-2","0.9.7-2-3","0.9.7-2-4","0.9.7-2-5","0.9.7-3","0.9.7-3-1","0.9.7-3-2","0.9.7-3-3","0.9.7-3-4","0.9.7-3-5","0.9.8","0.9.8-1","0.9.8-2","0.9.8-3","0.9.8-4","0.9.8-5","0.9.8-6","0.9.8-7","0.9.9","0.9.9-1","0.9.9-2","0.9.9-3","0.9.9-4","0.9.9-5","0.9.9-6","0.9.9-7","0.9.9-8","1.0.0","1.0.1","1.0.2","1.1.0-beta","1.1.0","1.1.1","1.1.2","1.1.3","1.1.4","1.1.5","1.1.6","1.1.7","1.1.8","1.1.9","1.1.10","1.1.11","1.2.0","1.2.1","1.2.2","1.2.3","1.2.4","1.2.5","1.2.6","1.2.7","1.2.8","1.2.9","1.2.10","1.2.11","1.2.12","1.2.13","1.2.14","1.3.0","1.3.1","1.3.2","1.3.3","1.3.4","1.3.5","1.3.6","1.3.7","1.3.8","1.3.9","1.3.10","1.3.11","1.3.12","1.3.14","1.3.15","1.3.17","1.3.18","1.3.19","1.4.0-rc2","1.3.20","1.4.0-rc3","1.3.21","1.3.22","1.3.23","1.4.0-rc4","1.4.0-rc5","1.4.0-rc6","1.4.0-rc7","1.4.0-rc8","1.4.0-rc9","1.4.0-rc10","1.4.0","1.4.1","1.4.2","1.4.3","1.4.4","1.4.5","1.4.6","1.4.7","1.4.8","1.4.9","1.4.10","2.0.0-alpha1","1.4.11","1.4.12","1.4.14","1.4.15","1.4.16","1.4.17","2.0.0-alpha2","1.4.18","2.0.0","2.0.1","2.0.2","1.4.19","2.0.3","2.0.4","2.0.5","2.0.6","1.4.20","1.4.22","2.0.7","2.0.8","2.0.9","1.4.23","2.0.10","1.4.24","2.0.11","1.4.25","2.0.12","1.4.26","1.4.27","1.4.28","2.0.13","2.0.14","1.4.29","2.0.15","1.4.30","2.0.16","1.4.31","2.0.17","1.4.32","2.0.18","2.0.19","1.4.33","2.0.20","2.0.21","1.4.34","2.0.22","2.0.23","1.4.35","2.0.24","2.0.25","2.0.26","2.0.27","2.0.28","2.0.29","1.4.36","2.0.30","1.4.37","2.0.31","1.4.38","2.0.32","2.0.33","2.1.0-alpha","2.0.34","2.0.35","2.0.36","2.0.37","2.0.38","2.0.39","1.4.39","2.0.40","2.0.41","2.0.42","2.0.43","2.0.44","2.0.45","2.0.46","2.0.47","2.0.48","2.1.0-rc1","2.0.49","2.0.50","2.1.0","2.0.51","2.1.1","2.0.52","2.0.53","2.1.2","2.1.3","2.0.54","2.0.55","1.4.40","2.1.4","2.1.5","2.1.6","2.1.7","2.1.8","2.1.9","2.1.10","2.1.11","2.1.12","2.1.13","2.1.14","2.1.15","2.1.16","2.1.17","2.1.18","2.1.19","2.1.20","2.1.21","2.1.22-alpha","2.1.22-alpha2","2.1.22-alpha3","2.1.22-alpha4","2.2.0-alpha1","2.2.0-alpha2","2.2.0","2.2.1","2.2.2","2.2.3","2.2.4","2.2.5","2.2.6","2.2.7","2.2.8","2.2.9","2.2.10"]
392 verbose stack
392 verbose stack     at installTargetsError (C:\Program Files\nodejs\node_modules\npm\lib\cache\add-named.js:284:12)
392 verbose stack     at next (C:\Program Files\nodejs\node_modules\npm\lib\cache\add-named.js:262:19)
392 verbose stack     at setData (C:\Program Files\nodejs\node_modules\npm\lib\cache\add-named.js:236:5)
392 verbose stack     at RES (C:\Program Files\nodejs\node_modules\npm\node_modules\inflight\inflight.js:23:14)
392 verbose stack     at f (C:\Program Files\nodejs\node_modules\npm\node_modules\once\once.js:17:25)
392 verbose stack     at fixName (C:\Program Files\nodejs\node_modules\npm\lib\cache\add-named.js:29:5)
392 verbose stack     at saved (C:\Program Files\nodejs\node_modules\npm\lib\cache\caching-client.js:173:7)
392 verbose stack     at C:\Program Files\nodejs\node_modules\npm\node_modules\graceful-fs\polyfills.js:210:7
392 verbose stack     at FSReqWrap.oncomplete (fs.js:82:15)
393 verbose cwd C:\Users\Emad Ahmed\Desktop\hack\smssos
394 error Windows_NT 10.0.14393
395 error argv "C:\\Program Files\\nodejs\\node.exe" "C:\\Program Files\\nodejs\\node_modules\\npm\\bin\\npm-cli.js" "install"
396 error node v4.6.0
397 error npm  v2.15.9
398 error code ETARGET
399 error notarget No compatible version found: mongodb@'>=3.2.10 <4.0.0'
399 error notarget Valid install targets:
399 error notarget ["0.9.4","0.9.4-4","0.9.3","0.9.1","0.9.2","0.9.6-7","0.9.6-8","0.9.6-9","0.9.6-10","0.9.6-11","0.9.6-12","0.9.6-13","0.9.6-14","0.9.6-15","0.9.6-16","0.9.6-17","0.9.6-18","0.9.6-19","0.9.6-20","0.9.6-21","0.9.6-22","0.9.6-23","0.9.7","0.9.7-0","0.9.7-1","0.9.7-1.1","0.9.7-1.2","0.9.7-1.3","0.9.7-1.4","0.9.7-2","0.9.7-2-1","0.9.7-2-2","0.9.7-2-3","0.9.7-2-4","0.9.7-2-5","0.9.7-3","0.9.7-3-1","0.9.7-3-2","0.9.7-3-3","0.9.7-3-4","0.9.7-3-5","0.9.8","0.9.8-1","0.9.8-2","0.9.8-3","0.9.8-4","0.9.8-5","0.9.8-6","0.9.8-7","0.9.9","0.9.9-1","0.9.9-2","0.9.9-3","0.9.9-4","0.9.9-5","0.9.9-6","0.9.9-7","0.9.9-8","1.0.0","1.0.1","1.0.2","1.1.0-beta","1.1.0","1.1.1","1.1.2","1.1.3","1.1.4","1.1.5","1.1.6","1.1.7","1.1.8","1.1.9","1.1.10","1.1.11","1.2.0","1.2.1","1.2.2","1.2.3","1.2.4","1.2.5","1.2.6","1.2.7","1.2.8","1.2.9","1.2.10","1.2.11","1.2.12","1.2.13","1.2.14","1.3.0","1.3.1","1.3.2","1.3.3","1.3.4","1.3.5","1.3.6","1.3.7","1.3.8","1.3.9","1.3.10","1.3.11","1.3.12","1.3.14","1.3.15","1.3.17","1.3.18","1.3.19","1.4.0-rc2","1.3.20","1.4.0-rc3","1.3.21","1.3.22","1.3.23","1.4.0-rc4","1.4.0-rc5","1.4.0-rc6","1.4.0-rc7","1.4.0-rc8","1.4.0-rc9","1.4.0-rc10","1.4.0","1.4.1","1.4.2","1.4.3","1.4.4","1.4.5","1.4.6","1.4.7","1.4.8","1.4.9","1.4.10","2.0.0-alpha1","1.4.11","1.4.12","1.4.14","1.4.15","1.4.16","1.4.17","2.0.0-alpha2","1.4.18","2.0.0","2.0.1","2.0.2","1.4.19","2.0.3","2.0.4","2.0.5","2.0.6","1.4.20","1.4.22","2.0.7","2.0.8","2.0.9","1.4.23","2.0.10","1.4.24","2.0.11","1.4.25","2.0.12","1.4.26","1.4.27","1.4.28","2.0.13","2.0.14","1.4.29","2.0.15","1.4.30","2.0.16","1.4.31","2.0.17","1.4.32","2.0.18","2.0.19","1.4.33","2.0.20","2.0.21","1.4.34","2.0.22","2.0.23","1.4.35","2.0.24","2.0.25","2.0.26","2.0.27","2.0.28","2.0.29","1.4.36","2.0.30","1.4.37","2.0.31","1.4.38","2.0.32","2.0.33","2.1.0-alpha","2.0.34","2.0.35","2.0.36","2.0.37","2.0.38","2.0.39","1.4.39","2.0.40","2.0.41","2.0.42","2.0.43","2.0.44","2.0.45","2.0.46","2.0.47","2.0.48","2.1.0-rc1","2.0.49","2.0.50","2.1.0","2.0.51","2.1.1","2.0.52","2.0.53","2.1.2","2.1.3","2.0.54","2.0.55","1.4.40","2.1.4","2.1.5","2.1.6","2.1.7","2.1.8","2.1.9","2.1.10","2.1.11","2.1.12","2.1.13","2.1.14","2.1.15","2.1.16","2.1.17","2.1.18","2.1.19","2.1.20","2.1.21","2.1.22-alpha","2.1.22-alpha2","2.1.22-alpha3","2.1.22-alpha4","2.2.0-alpha1","2.2.0-alpha2","2.2.0","2.2.1","2.2.2","2.2.3","2.2.4","2.2.5","2.2.6","2.2.7","2.2.8","2.2.9","2.2.10"]
399 error notarget
399 error notarget This is most likely not a problem with npm itself.
399 error notarget In most cases you or one of your dependencies are requesting
399 error notarget a package version that doesn't exist.
399 error notarget
399 error notarget It was specified as a dependency of 'dashboard'
400 verbose exit [ 1, true ]
